2019-05-30 19:41:57.183  INFO 18720 --- [main] com.demo.rbac.RbacApplicationTests       : Starting RbacApplicationTests on DESKTOP-7FREDO7 with PID 18720 (started by 16014 in C:\Users\16014\Documents\workspace\IdeaProjects\spring-boot-manage-system\rbac)
2019-05-30 19:41:57.184  INFO 18720 --- [main] com.demo.rbac.RbacApplicationTests       : No active profile set, falling back to default profiles: default
2019-05-30 19:41:58.482  INFO 18720 --- [main] .s.d.r.c.RepositoryConfigurationDelegate : Multiple Spring Data modules found, entering strict repository configuration mode!
2019-05-30 19:41:58.486  INFO 18720 --- [main] .s.d.r.c.RepositoryConfigurationDelegate : Bootstrapping Spring Data repositories in DEFAULT mode.
2019-05-30 19:41:58.595  INFO 18720 --- [main] .s.d.r.c.RepositoryConfigurationDelegate : Finished Spring Data repository scanning in 90ms. Found 0 repository interfaces.
2019-05-30 19:41:59.114  INFO 18720 --- [main] trationDelegate$BeanPostProcessorChecker : Bean 'org.springframework.transaction.annotation.ProxyTransactionManagementConfiguration' of type [org.springframework.transaction.annotation.ProxyTransactionManagementConfiguration$$EnhancerBySpringCGLIB$$6df2426e] is not eligible for getting processed by all BeanPostProcessors (for example: not eligible for auto-proxying)
2019-05-30 19:42:01.972  INFO 18720 --- [main] o.s.s.concurrent.ThreadPoolTaskExecutor  : Initializing ExecutorService 'applicationTaskExecutor'
2019-05-30 19:42:02.322  INFO 18720 --- [main] t.m.m.autoconfigure.MapperCacheDisabler  : Clear tk.mybatis.mapper.util.MsUtil CLASS_CACHE cache.
2019-05-30 19:42:02.323  INFO 18720 --- [main] t.m.m.autoconfigure.MapperCacheDisabler  : Clear tk.mybatis.mapper.genid.GenIdUtil CACHE cache.
2019-05-30 19:42:02.325  INFO 18720 --- [main] t.m.m.autoconfigure.MapperCacheDisabler  : Clear tk.mybatis.mapper.version.VersionUtil CACHE cache.
2019-05-30 19:42:02.326  INFO 18720 --- [main] t.m.m.autoconfigure.MapperCacheDisabler  : Clear EntityHelper entityTableMap cache.
2019-05-30 19:42:02.795  INFO 18720 --- [main] com.demo.rbac.RbacApplicationTests       : Started RbacApplicationTests in 6.394 seconds (JVM running for 7.717)
2019-05-30 19:42:03.627  INFO 18720 --- [main] com.alibaba.druid.pool.DruidDataSource   : {dataSource-1} inited
2019-05-30 19:42:03.701  INFO 18720 --- [Thread-1] o.s.s.concurrent.ThreadPoolTaskExecutor  : Shutting down ExecutorService 'applicationTaskExecutor'
2019-05-30 19:42:03.705  INFO 18720 --- [Thread-1] com.alibaba.druid.pool.DruidDataSource   : {dataSource-1} closing ...
2019-05-30 19:42:03.723  INFO 18720 --- [Thread-1] com.alibaba.druid.pool.DruidDataSource   : {dataSource-1} closed
2019-05-30 19:44:47.915  INFO 20016 --- [main] com.demo.rbac.RbacApplicationTests       : Starting RbacApplicationTests on DESKTOP-7FREDO7 with PID 20016 (started by 16014 in C:\Users\16014\Documents\workspace\IdeaProjects\spring-boot-manage-system\rbac)
2019-05-30 19:44:47.917  INFO 20016 --- [main] com.demo.rbac.RbacApplicationTests       : No active profile set, falling back to default profiles: default
2019-05-30 19:44:48.972  INFO 20016 --- [main] .s.d.r.c.RepositoryConfigurationDelegate : Multiple Spring Data modules found, entering strict repository configuration mode!
2019-05-30 19:44:48.976  INFO 20016 --- [main] .s.d.r.c.RepositoryConfigurationDelegate : Bootstrapping Spring Data repositories in DEFAULT mode.
2019-05-30 19:44:49.081  INFO 20016 --- [main] .s.d.r.c.RepositoryConfigurationDelegate : Finished Spring Data repository scanning in 89ms. Found 0 repository interfaces.
2019-05-30 19:44:49.556  INFO 20016 --- [main] trationDelegate$BeanPostProcessorChecker : Bean 'org.springframework.transaction.annotation.ProxyTransactionManagementConfiguration' of type [org.springframework.transaction.annotation.ProxyTransactionManagementConfiguration$$EnhancerBySpringCGLIB$$fb9a4b47] is not eligible for getting processed by all BeanPostProcessors (for example: not eligible for auto-proxying)
2019-05-30 19:44:51.974  INFO 20016 --- [main] o.s.s.concurrent.ThreadPoolTaskExecutor  : Initializing ExecutorService 'applicationTaskExecutor'
2019-05-30 19:44:52.307  INFO 20016 --- [main] t.m.m.autoconfigure.MapperCacheDisabler  : Clear tk.mybatis.mapper.util.MsUtil CLASS_CACHE cache.
2019-05-30 19:44:52.308  INFO 20016 --- [main] t.m.m.autoconfigure.MapperCacheDisabler  : Clear tk.mybatis.mapper.genid.GenIdUtil CACHE cache.
2019-05-30 19:44:52.309  INFO 20016 --- [main] t.m.m.autoconfigure.MapperCacheDisabler  : Clear tk.mybatis.mapper.version.VersionUtil CACHE cache.
2019-05-30 19:44:52.310  INFO 20016 --- [main] t.m.m.autoconfigure.MapperCacheDisabler  : Clear EntityHelper entityTableMap cache.
2019-05-30 19:44:52.725  INFO 20016 --- [main] com.demo.rbac.RbacApplicationTests       : Started RbacApplicationTests in 5.585 seconds (JVM running for 6.668)
2019-05-30 19:44:53.503  INFO 20016 --- [main] com.alibaba.druid.pool.DruidDataSource   : {dataSource-1} inited
2019-05-30 19:44:53.579  INFO 20016 --- [Thread-1] o.s.s.concurrent.ThreadPoolTaskExecutor  : Shutting down ExecutorService 'applicationTaskExecutor'
2019-05-30 19:44:53.581  INFO 20016 --- [Thread-1] com.alibaba.druid.pool.DruidDataSource   : {dataSource-1} closing ...
2019-05-30 19:44:53.594  INFO 20016 --- [Thread-1] com.alibaba.druid.pool.DruidDataSource   : {dataSource-1} closed
